{"level":"error","message":"Logger error request: /loggertest"}
{"level":"error","message":"Logger error request: /loggertest"}
{"level":"error","message":"Logger error request: /loggertest"}
{"level":"error","message":"Logger error request: /loggertest"}
{"level":"error","message":"Logger error request: /loggertest"}
{"level":"error","message":"Logger error request: /loggertest"}
{"level":"fatal","message":"Logger fatal"}
{"kind":"ObjectId","message":"Cast to ObjectId failed for value \"favicon.ico\" (type string) at path \"_id\" for model \"carts\"","name":"CastError","path":"_id","reason":{},"stringValue":"\"favicon.ico\"","value":"favicon.ico","valueType":"string"}
{"kind":"ObjectId","message":"Cast to ObjectId failed for value \"favicon.ico\" (type string) at path \"_id\" for model \"carts\"","name":"CastError","path":"_id","reason":{},"stringValue":"\"favicon.ico\"","value":"favicon.ico","valueType":"string"}
{"level":"error","message":"Logger error request: /loggertest"}
{"level":"error","message":"Logger error request: /loggertest"}
{"level":"fatal","message":"Logger fatal"}
{"kind":"ObjectId","message":"Cast to ObjectId failed for value \"favicon.ico\" (type string) at path \"_id\" for model \"carts\"","name":"CastError","path":"_id","reason":{},"stringValue":"\"favicon.ico\"","value":"favicon.ico","valueType":"string"}
{"kind":"ObjectId","message":"Cast to ObjectId failed for value \"favicon.ico\" (type string) at path \"_id\" for model \"carts\"","name":"CastError","path":"_id","reason":{},"stringValue":"\"favicon.ico\"","value":"favicon.ico","valueType":"string"}
{"kind":"ObjectId","message":"Cast to ObjectId failed for value \"favicon.ico\" (type string) at path \"_id\" for model \"carts\"","name":"CastError","path":"_id","reason":{},"stringValue":"\"favicon.ico\"","value":"favicon.ico","valueType":"string"}
{"kind":"ObjectId","message":"Cast to ObjectId failed for value \"favicon.ico\" (type string) at path \"_id\" for model \"carts\"","name":"CastError","path":"_id","reason":{},"stringValue":"\"favicon.ico\"","value":"favicon.ico","valueType":"string"}
{"kind":"ObjectId","message":"Cast to ObjectId failed for value \"favicon.ico\" (type string) at path \"_id\" for model \"carts\"","name":"CastError","path":"_id","reason":{},"stringValue":"\"favicon.ico\"","value":"favicon.ico","valueType":"string"}
{"kind":"ObjectId","message":"Cast to ObjectId failed for value \"favicon.ico\" (type string) at path \"_id\" for model \"carts\"","name":"CastError","path":"_id","reason":{},"stringValue":"\"favicon.ico\"","value":"favicon.ico","valueType":"string"}
{"kind":"ObjectId","message":"Cast to ObjectId failed for value \"favicon.ico\" (type string) at path \"_id\" for model \"carts\"","name":"CastError","path":"_id","reason":{},"stringValue":"\"favicon.ico\"","value":"favicon.ico","valueType":"string"}
{"level":"error","message":"Logger error request: /loggertest"}
{"level":"error","message":"Logger error request: /loggertest"}
{"level":"fatal","message":"Logger fatal"}
{"level":"error","message":"Logger error request: /loggertest"}
{"level":"error","message":"Logger error request: /loggertest"}
{"level":"error","message":"Logger error request: /loggertest"}
{"level":"fatal","message":"Logger fatal"}
{"level":"error","message":"Logger error request: /loggertest"}
{"level":"error","message":"Logger error request: /loggertest"}
{"level":"fatal","message":"Logger fatal"}
{"level":"error","message":"Logger error request: /loggertest"}
{"level":"fatal","message":"Logger fatal"}
{"level":"error","message":"Logger error request: /loggertest"}
{"level":"fatal","message":"Logger fatal"}
{"kind":"ObjectId","message":"Cast to ObjectId failed for value \"favicon.ico\" (type string) at path \"_id\" for model \"carts\"","name":"CastError","path":"_id","reason":{},"stringValue":"\"favicon.ico\"","value":"favicon.ico","valueType":"string"}
{"kind":"ObjectId","message":"Cast to ObjectId failed for value \"favicon.ico\" (type string) at path \"_id\" for model \"carts\"","name":"CastError","path":"_id","reason":{},"stringValue":"\"favicon.ico\"","value":"favicon.ico","valueType":"string"}
{"kind":"ObjectId","message":"Cast to ObjectId failed for value \"favicon.ico\" (type string) at path \"_id\" for model \"carts\"","name":"CastError","path":"_id","reason":{},"stringValue":"\"favicon.ico\"","value":"favicon.ico","valueType":"string"}
{"kind":"ObjectId","message":"Cast to ObjectId failed for value \"favicon.ico\" (type string) at path \"_id\" for model \"carts\"","name":"CastError","path":"_id","reason":{},"stringValue":"\"favicon.ico\"","value":"favicon.ico","valueType":"string"}
{"kind":"ObjectId","message":"Cast to ObjectId failed for value \"favicon.ico\" (type string) at path \"_id\" for model \"carts\"","name":"CastError","path":"_id","reason":{},"stringValue":"\"favicon.ico\"","value":"favicon.ico","valueType":"string"}
{"kind":"ObjectId","message":"Cast to ObjectId failed for value \"favicon.ico\" (type string) at path \"_id\" for model \"carts\"","name":"CastError","path":"_id","reason":{},"stringValue":"\"favicon.ico\"","value":"favicon.ico","valueType":"string"}
{"kind":"ObjectId","message":"Cast to ObjectId failed for value \"favicon.ico\" (type string) at path \"_id\" for model \"carts\"","name":"CastError","path":"_id","reason":{},"stringValue":"\"favicon.ico\"","value":"favicon.ico","valueType":"string"}
{"kind":"ObjectId","message":"Cast to ObjectId failed for value \"favicon.ico\" (type string) at path \"_id\" for model \"carts\"","name":"CastError","path":"_id","reason":{},"stringValue":"\"favicon.ico\"","value":"favicon.ico","valueType":"string"}
{"kind":"ObjectId","message":"Cast to ObjectId failed for value \"favicon.ico\" (type string) at path \"_id\" for model \"carts\"","name":"CastError","path":"_id","reason":{},"stringValue":"\"favicon.ico\"","value":"favicon.ico","valueType":"string"}
{"kind":"ObjectId","message":"Cast to ObjectId failed for value \"favicon.ico\" (type string) at path \"_id\" for model \"carts\"","name":"CastError","path":"_id","reason":{},"stringValue":"\"favicon.ico\"","value":"favicon.ico","valueType":"string"}
{"kind":"ObjectId","message":"Cast to ObjectId failed for value \"favicon.ico\" (type string) at path \"_id\" for model \"carts\"","name":"CastError","path":"_id","reason":{},"stringValue":"\"favicon.ico\"","value":"favicon.ico","valueType":"string"}
{"kind":"ObjectId","message":"Cast to ObjectId failed for value \"favicon.ico\" (type string) at path \"_id\" for model \"carts\"","name":"CastError","path":"_id","reason":{},"stringValue":"\"favicon.ico\"","value":"favicon.ico","valueType":"string"}
{"kind":"ObjectId","message":"Cast to ObjectId failed for value \"favicon.ico\" (type string) at path \"_id\" for model \"carts\"","name":"CastError","path":"_id","reason":{},"stringValue":"\"favicon.ico\"","value":"favicon.ico","valueType":"string"}
{"kind":"ObjectId","message":"Cast to ObjectId failed for value \"favicon.ico\" (type string) at path \"_id\" for model \"carts\"","name":"CastError","path":"_id","reason":{},"stringValue":"\"favicon.ico\"","value":"favicon.ico","valueType":"string"}
{"kind":"ObjectId","message":"Cast to ObjectId failed for value \"favicon.ico\" (type string) at path \"_id\" for model \"carts\"","name":"CastError","path":"_id","reason":{},"stringValue":"\"favicon.ico\"","value":"favicon.ico","valueType":"string"}
{"kind":"ObjectId","message":"Cast to ObjectId failed for value \"favicon.ico\" (type string) at path \"_id\" for model \"carts\"","name":"CastError","path":"_id","reason":{},"stringValue":"\"favicon.ico\"","value":"favicon.ico","valueType":"string"}
{"kind":"ObjectId","message":"Cast to ObjectId failed for value \"favicon.ico\" (type string) at path \"_id\" for model \"carts\"","name":"CastError","path":"_id","reason":{},"stringValue":"\"favicon.ico\"","value":"favicon.ico","valueType":"string"}
{"kind":"ObjectId","message":"Cast to ObjectId failed for value \"favicon.ico\" (type string) at path \"_id\" for model \"carts\"","name":"CastError","path":"_id","reason":{},"stringValue":"\"favicon.ico\"","value":"favicon.ico","valueType":"string"}
{"kind":"ObjectId","message":"Cast to ObjectId failed for value \"favicon.ico\" (type string) at path \"_id\" for model \"carts\"","name":"CastError","path":"_id","reason":{},"stringValue":"\"favicon.ico\"","value":"favicon.ico","valueType":"string"}
{"kind":"ObjectId","message":"Cast to ObjectId failed for value \"favicon.ico\" (type string) at path \"_id\" for model \"carts\"","name":"CastError","path":"_id","reason":{},"stringValue":"\"favicon.ico\"","value":"favicon.ico","valueType":"string"}
{"kind":"ObjectId","message":"Cast to ObjectId failed for value \"favicon.ico\" (type string) at path \"_id\" for model \"carts\"","name":"CastError","path":"_id","reason":{},"stringValue":"\"favicon.ico\"","value":"favicon.ico","valueType":"string"}
{"kind":"ObjectId","message":"Cast to ObjectId failed for value \"favicon.ico\" (type string) at path \"_id\" for model \"carts\"","name":"CastError","path":"_id","reason":{},"stringValue":"\"favicon.ico\"","value":"favicon.ico","valueType":"string"}
{"kind":"ObjectId","message":"Cast to ObjectId failed for value \"favicon.ico\" (type string) at path \"_id\" for model \"carts\"","name":"CastError","path":"_id","reason":{},"stringValue":"\"favicon.ico\"","value":"favicon.ico","valueType":"string"}
{"kind":"ObjectId","message":"Cast to ObjectId failed for value \"favicon.ico\" (type string) at path \"_id\" for model \"carts\"","name":"CastError","path":"_id","reason":{},"stringValue":"\"favicon.ico\"","value":"favicon.ico","valueType":"string"}
{"kind":"ObjectId","message":"Cast to ObjectId failed for value \"favicon.ico\" (type string) at path \"_id\" for model \"carts\"","name":"CastError","path":"_id","reason":{},"stringValue":"\"favicon.ico\"","value":"favicon.ico","valueType":"string"}
{"kind":"ObjectId","message":"Cast to ObjectId failed for value \"favicon.ico\" (type string) at path \"_id\" for model \"carts\"","name":"CastError","path":"_id","reason":{},"stringValue":"\"favicon.ico\"","value":"favicon.ico","valueType":"string"}
{"kind":"ObjectId","message":"Cast to ObjectId failed for value \"favicon.ico\" (type string) at path \"_id\" for model \"carts\"","name":"CastError","path":"_id","reason":{},"stringValue":"\"favicon.ico\"","value":"favicon.ico","valueType":"string"}
{"kind":"ObjectId","message":"Cast to ObjectId failed for value \"favicon.ico\" (type string) at path \"_id\" for model \"carts\"","name":"CastError","path":"_id","reason":{},"stringValue":"\"favicon.ico\"","value":"favicon.ico","valueType":"string"}
{"kind":"ObjectId","message":"Cast to ObjectId failed for value \"favicon.ico\" (type string) at path \"_id\" for model \"carts\"","name":"CastError","path":"_id","reason":{},"stringValue":"\"favicon.ico\"","value":"favicon.ico","valueType":"string"}
{"kind":"ObjectId","message":"Cast to ObjectId failed for value \"favicon.ico\" (type string) at path \"_id\" for model \"carts\"","name":"CastError","path":"_id","reason":{},"stringValue":"\"favicon.ico\"","value":"favicon.ico","valueType":"string"}
{"kind":"ObjectId","message":"Cast to ObjectId failed for value \"favicon.ico\" (type string) at path \"_id\" for model \"carts\"","name":"CastError","path":"_id","reason":{},"stringValue":"\"favicon.ico\"","value":"favicon.ico","valueType":"string"}
{"kind":"ObjectId","message":"Cast to ObjectId failed for value \"favicon.ico\" (type string) at path \"_id\" for model \"carts\"","name":"CastError","path":"_id","reason":{},"stringValue":"\"favicon.ico\"","value":"favicon.ico","valueType":"string"}
{"kind":"ObjectId","message":"Cast to ObjectId failed for value \"favicon.ico\" (type string) at path \"_id\" for model \"carts\"","name":"CastError","path":"_id","reason":{},"stringValue":"\"favicon.ico\"","value":"favicon.ico","valueType":"string"}
{"kind":"ObjectId","message":"Cast to ObjectId failed for value \"favicon.ico\" (type string) at path \"_id\" for model \"carts\"","name":"CastError","path":"_id","reason":{},"stringValue":"\"favicon.ico\"","value":"favicon.ico","valueType":"string"}
{"kind":"ObjectId","message":"Cast to ObjectId failed for value \"favicon.ico\" (type string) at path \"_id\" for model \"carts\"","name":"CastError","path":"_id","reason":{},"stringValue":"\"favicon.ico\"","value":"favicon.ico","valueType":"string"}
{"kind":"ObjectId","message":"Cast to ObjectId failed for value \"favicon.ico\" (type string) at path \"_id\" for model \"carts\"","name":"CastError","path":"_id","reason":{},"stringValue":"\"favicon.ico\"","value":"favicon.ico","valueType":"string"}
{"kind":"ObjectId","message":"Cast to ObjectId failed for value \"favicon.ico\" (type string) at path \"_id\" for model \"carts\"","name":"CastError","path":"_id","reason":{},"stringValue":"\"favicon.ico\"","value":"favicon.ico","valueType":"string"}
{"kind":"ObjectId","message":"Cast to ObjectId failed for value \"favicon.ico\" (type string) at path \"_id\" for model \"carts\"","name":"CastError","path":"_id","reason":{},"stringValue":"\"favicon.ico\"","value":"favicon.ico","valueType":"string"}
{"kind":"ObjectId","message":"Cast to ObjectId failed for value \"{cid}\" (type string) at path \"_id\" for model \"carts\"","name":"CastError","path":"_id","reason":{},"stringValue":"\"{cid}\"","value":"{cid}","valueType":"string"}
{"kind":"ObjectId","message":"Cast to ObjectId failed for value \"{cid}\" (type string) at path \"_id\" for model \"carts\"","name":"CastError","path":"_id","reason":{},"stringValue":"\"{cid}\"","value":"{cid}","valueType":"string"}
{"kind":"ObjectId","message":"Cast to ObjectId failed for value \"favicon.ico\" (type string) at path \"_id\" for model \"carts\"","name":"CastError","path":"_id","reason":{},"stringValue":"\"favicon.ico\"","value":"favicon.ico","valueType":"string"}
{"kind":"ObjectId","message":"Cast to ObjectId failed for value \"favicon.ico\" (type string) at path \"_id\" for model \"carts\"","name":"CastError","path":"_id","reason":{},"stringValue":"\"favicon.ico\"","value":"favicon.ico","valueType":"string"}
{"kind":"ObjectId","message":"Cast to ObjectId failed for value \"652df8458f913d053e35495b \" (type string) at path \"cartId\" for model \"users\"","name":"CastError","path":"cartId","reason":{},"stringValue":"\"652df8458f913d053e35495b \"","value":"652df8458f913d053e35495b ","valueType":"string"}
{"kind":"ObjectId","message":"Cast to ObjectId failed for value \"652df8458f913d053e35495b \" (type string) at path \"cartId\" for model \"users\"","name":"CastError","path":"cartId","reason":{},"stringValue":"\"652df8458f913d053e35495b \"","value":"652df8458f913d053e35495b ","valueType":"string"}
{"kind":"ObjectId","message":"Cast to ObjectId failed for value \"652df8458f913d053e35495b \" (type string) at path \"cartId\" for model \"users\"","name":"CastError","path":"cartId","reason":{},"stringValue":"\"652df8458f913d053e35495b \"","value":"652df8458f913d053e35495b ","valueType":"string"}
{"kind":"ObjectId","message":"Cast to ObjectId failed for value \"652df8458f913d053e35495b \" (type string) at path \"cartId\" for model \"users\"","name":"CastError","path":"cartId","reason":{},"stringValue":"\"652df8458f913d053e35495b \"","value":"652df8458f913d053e35495b ","valueType":"string"}
{"kind":"ObjectId","message":"Cast to ObjectId failed for value \"favicon.ico\" (type string) at path \"_id\" for model \"carts\"","name":"CastError","path":"_id","reason":{},"stringValue":"\"favicon.ico\"","value":"favicon.ico","valueType":"string"}
{"kind":"ObjectId","message":"Cast to ObjectId failed for value \"favicon.ico\" (type string) at path \"_id\" for model \"carts\"","name":"CastError","path":"_id","reason":{},"stringValue":"\"favicon.ico\"","value":"favicon.ico","valueType":"string"}
{"kind":"ObjectId","message":"Cast to ObjectId failed for value \"favicon.ico\" (type string) at path \"_id\" for model \"carts\"","name":"CastError","path":"_id","reason":{},"stringValue":"\"favicon.ico\"","value":"favicon.ico","valueType":"string"}
{"kind":"ObjectId","message":"Cast to ObjectId failed for value \"652df8458f913d053e35495b \" (type string) at path \"cartId\" for model \"users\"","name":"CastError","path":"cartId","reason":{},"stringValue":"\"652df8458f913d053e35495b \"","value":"652df8458f913d053e35495b ","valueType":"string"}
{"kind":"ObjectId","message":"Cast to ObjectId failed for value \"652df8458f913d053e35495b \" (type string) at path \"cartId\" for model \"users\"","name":"CastError","path":"cartId","reason":{},"stringValue":"\"652df8458f913d053e35495b \"","value":"652df8458f913d053e35495b ","valueType":"string"}
{"kind":"ObjectId","message":"Cast to ObjectId failed for value \"favicon.ico\" (type string) at path \"_id\" for model \"carts\"","name":"CastError","path":"_id","reason":{},"stringValue":"\"favicon.ico\"","value":"favicon.ico","valueType":"string"}
{"kind":"ObjectId","message":"Cast to ObjectId failed for value \"favicon.ico\" (type string) at path \"_id\" for model \"carts\"","name":"CastError","path":"_id","reason":{},"stringValue":"\"favicon.ico\"","value":"favicon.ico","valueType":"string"}
{"kind":"ObjectId","message":"Cast to ObjectId failed for value \"favicon.ico\" (type string) at path \"_id\" for model \"carts\"","name":"CastError","path":"_id","reason":{},"stringValue":"\"favicon.ico\"","value":"favicon.ico","valueType":"string"}
{"kind":"ObjectId","message":"Cast to ObjectId failed for value \"favicon.ico\" (type string) at path \"_id\" for model \"carts\"","name":"CastError","path":"_id","reason":{},"stringValue":"\"favicon.ico\"","value":"favicon.ico","valueType":"string"}
{"kind":"ObjectId","message":"Cast to ObjectId failed for value \"favicon.ico\" (type string) at path \"_id\" for model \"carts\"","name":"CastError","path":"_id","reason":{},"stringValue":"\"favicon.ico\"","value":"favicon.ico","valueType":"string"}
{"kind":"ObjectId","message":"Cast to ObjectId failed for value \"favicon.ico\" (type string) at path \"_id\" for model \"carts\"","name":"CastError","path":"_id","reason":{},"stringValue":"\"favicon.ico\"","value":"favicon.ico","valueType":"string"}
{"kind":"ObjectId","message":"Cast to ObjectId failed for value \"favicon.ico\" (type string) at path \"_id\" for model \"carts\"","name":"CastError","path":"_id","reason":{},"stringValue":"\"favicon.ico\"","value":"favicon.ico","valueType":"string"}
{"kind":"ObjectId","message":"Cast to ObjectId failed for value \"favicon.ico\" (type string) at path \"_id\" for model \"carts\"","name":"CastError","path":"_id","reason":{},"stringValue":"\"favicon.ico\"","value":"favicon.ico","valueType":"string"}
{"kind":"ObjectId","message":"Cast to ObjectId failed for value \"favicon.ico\" (type string) at path \"_id\" for model \"carts\"","name":"CastError","path":"_id","reason":{},"stringValue":"\"favicon.ico\"","value":"favicon.ico","valueType":"string"}
{"kind":"ObjectId","message":"Cast to ObjectId failed for value \"favicon.ico\" (type string) at path \"_id\" for model \"carts\"","name":"CastError","path":"_id","reason":{},"stringValue":"\"favicon.ico\"","value":"favicon.ico","valueType":"string"}
{"kind":"ObjectId","message":"Cast to ObjectId failed for value \"favicon.ico\" (type string) at path \"_id\" for model \"carts\"","name":"CastError","path":"_id","reason":{},"stringValue":"\"favicon.ico\"","value":"favicon.ico","valueType":"string"}
{"kind":"ObjectId","message":"Cast to ObjectId failed for value \"favicon.ico\" (type string) at path \"_id\" for model \"carts\"","name":"CastError","path":"_id","reason":{},"stringValue":"\"favicon.ico\"","value":"favicon.ico","valueType":"string"}
{"kind":"ObjectId","message":"Cast to ObjectId failed for value \"favicon.ico\" (type string) at path \"_id\" for model \"carts\"","name":"CastError","path":"_id","reason":{},"stringValue":"\"favicon.ico\"","value":"favicon.ico","valueType":"string"}
{"kind":"ObjectId","message":"Cast to ObjectId failed for value \"favicon.ico\" (type string) at path \"_id\" for model \"carts\"","name":"CastError","path":"_id","reason":{},"stringValue":"\"favicon.ico\"","value":"favicon.ico","valueType":"string"}
{"kind":"ObjectId","message":"Cast to ObjectId failed for value \"favicon.ico\" (type string) at path \"_id\" for model \"carts\"","name":"CastError","path":"_id","reason":{},"stringValue":"\"favicon.ico\"","value":"favicon.ico","valueType":"string"}
{"kind":"ObjectId","message":"Cast to ObjectId failed for value \"favicon.ico\" (type string) at path \"_id\" for model \"carts\"","name":"CastError","path":"_id","reason":{},"stringValue":"\"favicon.ico\"","value":"favicon.ico","valueType":"string"}
{"kind":"ObjectId","message":"Cast to ObjectId failed for value \"favicon.ico\" (type string) at path \"_id\" for model \"carts\"","name":"CastError","path":"_id","reason":{},"stringValue":"\"favicon.ico\"","value":"favicon.ico","valueType":"string"}
{"kind":"ObjectId","message":"Cast to ObjectId failed for value \"favicon.ico\" (type string) at path \"_id\" for model \"carts\"","name":"CastError","path":"_id","reason":{},"stringValue":"\"favicon.ico\"","value":"favicon.ico","valueType":"string"}
{"kind":"ObjectId","message":"Cast to ObjectId failed for value \"favicon.ico\" (type string) at path \"_id\" for model \"carts\"","name":"CastError","path":"_id","reason":{},"stringValue":"\"favicon.ico\"","value":"favicon.ico","valueType":"string"}
{"kind":"ObjectId","message":"Cast to ObjectId failed for value \"favicon.ico\" (type string) at path \"_id\" for model \"carts\"","name":"CastError","path":"_id","reason":{},"stringValue":"\"favicon.ico\"","value":"favicon.ico","valueType":"string"}
{"kind":"ObjectId","message":"Cast to ObjectId failed for value \"favicon.ico\" (type string) at path \"_id\" for model \"carts\"","name":"CastError","path":"_id","reason":{},"stringValue":"\"favicon.ico\"","value":"favicon.ico","valueType":"string"}
{"kind":"ObjectId","message":"Cast to ObjectId failed for value \"favicon.ico\" (type string) at path \"_id\" for model \"carts\"","name":"CastError","path":"_id","reason":{},"stringValue":"\"favicon.ico\"","value":"favicon.ico","valueType":"string"}
{"kind":"ObjectId","message":"Cast to ObjectId failed for value \"favicon.ico\" (type string) at path \"_id\" for model \"carts\"","name":"CastError","path":"_id","reason":{},"stringValue":"\"favicon.ico\"","value":"favicon.ico","valueType":"string"}
{"kind":"ObjectId","message":"Cast to ObjectId failed for value \"favicon.ico\" (type string) at path \"_id\" for model \"carts\"","name":"CastError","path":"_id","reason":{},"stringValue":"\"favicon.ico\"","value":"favicon.ico","valueType":"string"}
{"kind":"ObjectId","message":"Cast to ObjectId failed for value \"favicon.ico\" (type string) at path \"_id\" for model \"carts\"","name":"CastError","path":"_id","reason":{},"stringValue":"\"favicon.ico\"","value":"favicon.ico","valueType":"string"}
{"kind":"ObjectId","message":"Cast to ObjectId failed for value \"favicon.ico\" (type string) at path \"_id\" for model \"carts\"","name":"CastError","path":"_id","reason":{},"stringValue":"\"favicon.ico\"","value":"favicon.ico","valueType":"string"}
{"kind":"ObjectId","message":"Cast to ObjectId failed for value \"favicon.ico\" (type string) at path \"_id\" for model \"carts\"","name":"CastError","path":"_id","reason":{},"stringValue":"\"favicon.ico\"","value":"favicon.ico","valueType":"string"}
{"kind":"ObjectId","message":"Cast to ObjectId failed for value \"favicon.ico\" (type string) at path \"_id\" for model \"carts\"","name":"CastError","path":"_id","reason":{},"stringValue":"\"favicon.ico\"","value":"favicon.ico","valueType":"string"}
{"kind":"ObjectId","message":"Cast to ObjectId failed for value \"favicon.ico\" (type string) at path \"_id\" for model \"carts\"","name":"CastError","path":"_id","reason":{},"stringValue":"\"favicon.ico\"","value":"favicon.ico","valueType":"string"}
{"kind":"ObjectId","message":"Cast to ObjectId failed for value \"favicon.ico\" (type string) at path \"_id\" for model \"carts\"","name":"CastError","path":"_id","reason":{},"stringValue":"\"favicon.ico\"","value":"favicon.ico","valueType":"string"}
{"kind":"ObjectId","message":"Cast to ObjectId failed for value \"favicon.ico\" (type string) at path \"_id\" for model \"carts\"","name":"CastError","path":"_id","reason":{},"stringValue":"\"favicon.ico\"","value":"favicon.ico","valueType":"string"}
{"kind":"ObjectId","message":"Cast to ObjectId failed for value \"favicon.ico\" (type string) at path \"_id\" for model \"carts\"","name":"CastError","path":"_id","reason":{},"stringValue":"\"favicon.ico\"","value":"favicon.ico","valueType":"string"}
{"kind":"ObjectId","message":"Cast to ObjectId failed for value \"favicon.ico\" (type string) at path \"_id\" for model \"carts\"","name":"CastError","path":"_id","reason":{},"stringValue":"\"favicon.ico\"","value":"favicon.ico","valueType":"string"}
{"kind":"ObjectId","message":"Cast to ObjectId failed for value \"favicon.ico\" (type string) at path \"_id\" for model \"carts\"","name":"CastError","path":"_id","reason":{},"stringValue":"\"favicon.ico\"","value":"favicon.ico","valueType":"string"}
{"kind":"ObjectId","message":"Cast to ObjectId failed for value \"favicon.ico\" (type string) at path \"_id\" for model \"carts\"","name":"CastError","path":"_id","reason":{},"stringValue":"\"favicon.ico\"","value":"favicon.ico","valueType":"string"}
{"kind":"ObjectId","message":"Cast to ObjectId failed for value \"favicon.ico\" (type string) at path \"_id\" for model \"carts\"","name":"CastError","path":"_id","reason":{},"stringValue":"\"favicon.ico\"","value":"favicon.ico","valueType":"string"}
{"kind":"ObjectId","message":"Cast to ObjectId failed for value \"favicon.ico\" (type string) at path \"_id\" for model \"carts\"","name":"CastError","path":"_id","reason":{},"stringValue":"\"favicon.ico\"","value":"favicon.ico","valueType":"string"}
{"kind":"ObjectId","message":"Cast to ObjectId failed for value \"favicon.ico\" (type string) at path \"_id\" for model \"carts\"","name":"CastError","path":"_id","reason":{},"stringValue":"\"favicon.ico\"","value":"favicon.ico","valueType":"string"}
{"kind":"ObjectId","message":"Cast to ObjectId failed for value \"favicon.ico\" (type string) at path \"_id\" for model \"carts\"","name":"CastError","path":"_id","reason":{},"stringValue":"\"favicon.ico\"","value":"favicon.ico","valueType":"string"}
{"kind":"ObjectId","message":"Cast to ObjectId failed for value \"favicon.ico\" (type string) at path \"_id\" for model \"carts\"","name":"CastError","path":"_id","reason":{},"stringValue":"\"favicon.ico\"","value":"favicon.ico","valueType":"string"}
{"kind":"ObjectId","message":"Cast to ObjectId failed for value \"favicon.ico\" (type string) at path \"_id\" for model \"carts\"","name":"CastError","path":"_id","reason":{},"stringValue":"\"favicon.ico\"","value":"favicon.ico","valueType":"string"}
{"kind":"ObjectId","message":"Cast to ObjectId failed for value \"favicon.ico\" (type string) at path \"_id\" for model \"carts\"","name":"CastError","path":"_id","reason":{},"stringValue":"\"favicon.ico\"","value":"favicon.ico","valueType":"string"}
{"kind":"ObjectId","message":"Cast to ObjectId failed for value \"favicon.ico\" (type string) at path \"_id\" for model \"carts\"","name":"CastError","path":"_id","reason":{},"stringValue":"\"favicon.ico\"","value":"favicon.ico","valueType":"string"}
{"kind":"ObjectId","message":"Cast to ObjectId failed for value \"favicon.ico\" (type string) at path \"_id\" for model \"carts\"","name":"CastError","path":"_id","reason":{},"stringValue":"\"favicon.ico\"","value":"favicon.ico","valueType":"string"}
{"kind":"ObjectId","message":"Cast to ObjectId failed for value \"favicon.ico\" (type string) at path \"_id\" for model \"carts\"","name":"CastError","path":"_id","reason":{},"stringValue":"\"favicon.ico\"","value":"favicon.ico","valueType":"string"}
{"kind":"ObjectId","message":"Cast to ObjectId failed for value \"favicon.ico\" (type string) at path \"_id\" for model \"carts\"","name":"CastError","path":"_id","reason":{},"stringValue":"\"favicon.ico\"","value":"favicon.ico","valueType":"string"}
{"kind":"ObjectId","message":"Cast to ObjectId failed for value \"favicon.ico\" (type string) at path \"_id\" for model \"carts\"","name":"CastError","path":"_id","reason":{},"stringValue":"\"favicon.ico\"","value":"favicon.ico","valueType":"string"}
{"kind":"ObjectId","message":"Cast to ObjectId failed for value \"favicon.ico\" (type string) at path \"_id\" for model \"carts\"","name":"CastError","path":"_id","reason":{},"stringValue":"\"favicon.ico\"","value":"favicon.ico","valueType":"string"}
{"kind":"ObjectId","message":"Cast to ObjectId failed for value \"favicon.ico\" (type string) at path \"_id\" for model \"carts\"","name":"CastError","path":"_id","reason":{},"stringValue":"\"favicon.ico\"","value":"favicon.ico","valueType":"string"}
{"kind":"ObjectId","message":"Cast to ObjectId failed for value \"favicon.ico\" (type string) at path \"_id\" for model \"carts\"","name":"CastError","path":"_id","reason":{},"stringValue":"\"favicon.ico\"","value":"favicon.ico","valueType":"string"}
{"kind":"ObjectId","message":"Cast to ObjectId failed for value \"favicon.ico\" (type string) at path \"_id\" for model \"carts\"","name":"CastError","path":"_id","reason":{},"stringValue":"\"favicon.ico\"","value":"favicon.ico","valueType":"string"}
{"kind":"ObjectId","message":"Cast to ObjectId failed for value \"favicon.ico\" (type string) at path \"_id\" for model \"carts\"","name":"CastError","path":"_id","reason":{},"stringValue":"\"favicon.ico\"","value":"favicon.ico","valueType":"string"}
{"kind":"ObjectId","message":"Cast to ObjectId failed for value \"favicon.ico\" (type string) at path \"_id\" for model \"carts\"","name":"CastError","path":"_id","reason":{},"stringValue":"\"favicon.ico\"","value":"favicon.ico","valueType":"string"}
{"kind":"ObjectId","message":"Cast to ObjectId failed for value \"favicon.ico\" (type string) at path \"_id\" for model \"carts\"","name":"CastError","path":"_id","reason":{},"stringValue":"\"favicon.ico\"","value":"favicon.ico","valueType":"string"}
{"kind":"ObjectId","message":"Cast to ObjectId failed for value \"favicon.ico\" (type string) at path \"_id\" for model \"carts\"","name":"CastError","path":"_id","reason":{},"stringValue":"\"favicon.ico\"","value":"favicon.ico","valueType":"string"}
{"kind":"ObjectId","message":"Cast to ObjectId failed for value \"favicon.ico\" (type string) at path \"_id\" for model \"carts\"","name":"CastError","path":"_id","reason":{},"stringValue":"\"favicon.ico\"","value":"favicon.ico","valueType":"string"}
{"kind":"ObjectId","message":"Cast to ObjectId failed for value \"favicon.ico\" (type string) at path \"_id\" for model \"carts\"","name":"CastError","path":"_id","reason":{},"stringValue":"\"favicon.ico\"","value":"favicon.ico","valueType":"string"}
{"kind":"ObjectId","message":"Cast to ObjectId failed for value \"favicon.ico\" (type string) at path \"_id\" for model \"carts\"","name":"CastError","path":"_id","reason":{},"stringValue":"\"favicon.ico\"","value":"favicon.ico","valueType":"string"}
{"kind":"ObjectId","message":"Cast to ObjectId failed for value \"favicon.ico\" (type string) at path \"_id\" for model \"carts\"","name":"CastError","path":"_id","reason":{},"stringValue":"\"favicon.ico\"","value":"favicon.ico","valueType":"string"}
{"kind":"ObjectId","message":"Cast to ObjectId failed for value \"favicon.ico\" (type string) at path \"_id\" for model \"carts\"","name":"CastError","path":"_id","reason":{},"stringValue":"\"favicon.ico\"","value":"favicon.ico","valueType":"string"}
{"kind":"ObjectId","message":"Cast to ObjectId failed for value \"favicon.ico\" (type string) at path \"_id\" for model \"carts\"","name":"CastError","path":"_id","reason":{},"stringValue":"\"favicon.ico\"","value":"favicon.ico","valueType":"string"}
{"kind":"ObjectId","message":"Cast to ObjectId failed for value \"favicon.ico\" (type string) at path \"_id\" for model \"carts\"","name":"CastError","path":"_id","reason":{},"stringValue":"\"favicon.ico\"","value":"favicon.ico","valueType":"string"}
{"kind":"ObjectId","message":"Cast to ObjectId failed for value \"favicon.ico\" (type string) at path \"_id\" for model \"carts\"","name":"CastError","path":"_id","reason":{},"stringValue":"\"favicon.ico\"","value":"favicon.ico","valueType":"string"}
{"kind":"ObjectId","message":"Cast to ObjectId failed for value \"0\" (type string) at path \"_id\" for model \"carts\"","name":"CastError","path":"_id","reason":{},"stringValue":"\"0\"","value":"0","valueType":"string"}
{"kind":"ObjectId","message":"Cast to ObjectId failed for value \"0\" (type string) at path \"_id\" for model \"carts\"","name":"CastError","path":"_id","reason":{},"stringValue":"\"0\"","value":"0","valueType":"string"}
{"kind":"ObjectId","message":"Cast to ObjectId failed for value \"0\" (type string) at path \"_id\" for model \"carts\"","name":"CastError","path":"_id","reason":{},"stringValue":"\"0\"","value":"0","valueType":"string"}
{"kind":"ObjectId","message":"Cast to ObjectId failed for value \"0\" (type string) at path \"_id\" for model \"carts\"","name":"CastError","path":"_id","reason":{},"stringValue":"\"0\"","value":"0","valueType":"string"}
{"kind":"ObjectId","message":"Cast to ObjectId failed for value \"0\" (type string) at path \"_id\" for model \"carts\"","name":"CastError","path":"_id","reason":{},"stringValue":"\"0\"","value":"0","valueType":"string"}
{"kind":"ObjectId","message":"Cast to ObjectId failed for value \"0\" (type string) at path \"_id\" for model \"carts\"","name":"CastError","path":"_id","reason":{},"stringValue":"\"0\"","value":"0","valueType":"string"}
{"kind":"ObjectId","message":"Cast to ObjectId failed for value \"0\" (type string) at path \"_id\" for model \"carts\"","name":"CastError","path":"_id","reason":{},"stringValue":"\"0\"","value":"0","valueType":"string"}
{"kind":"ObjectId","message":"Cast to ObjectId failed for value \"0\" (type string) at path \"_id\" for model \"carts\"","name":"CastError","path":"_id","reason":{},"stringValue":"\"0\"","value":"0","valueType":"string"}
{"kind":"ObjectId","message":"Cast to ObjectId failed for value \"favicon.ico\" (type string) at path \"_id\" for model \"carts\"","name":"CastError","path":"_id","reason":{},"stringValue":"\"favicon.ico\"","value":"favicon.ico","valueType":"string"}
{"kind":"ObjectId","message":"Cast to ObjectId failed for value \"favicon.ico\" (type string) at path \"_id\" for model \"carts\"","name":"CastError","path":"_id","reason":{},"stringValue":"\"favicon.ico\"","value":"favicon.ico","valueType":"string"}
{"kind":"ObjectId","message":"Cast to ObjectId failed for value \"favicon.ico\" (type string) at path \"_id\" for model \"carts\"","name":"CastError","path":"_id","reason":{},"stringValue":"\"favicon.ico\"","value":"favicon.ico","valueType":"string"}
{"kind":"ObjectId","message":"Cast to ObjectId failed for value \"favicon.ico\" (type string) at path \"_id\" for model \"carts\"","name":"CastError","path":"_id","reason":{},"stringValue":"\"favicon.ico\"","value":"favicon.ico","valueType":"string"}
{"kind":"ObjectId","message":"Cast to ObjectId failed for value \"favicon.ico\" (type string) at path \"_id\" for model \"carts\"","name":"CastError","path":"_id","reason":{},"stringValue":"\"favicon.ico\"","value":"favicon.ico","valueType":"string"}
{"kind":"ObjectId","message":"Cast to ObjectId failed for value \"favicon.ico\" (type string) at path \"_id\" for model \"carts\"","name":"CastError","path":"_id","reason":{},"stringValue":"\"favicon.ico\"","value":"favicon.ico","valueType":"string"}
{"kind":"ObjectId","message":"Cast to ObjectId failed for value \"favicon.ico\" (type string) at path \"_id\" for model \"carts\"","name":"CastError","path":"_id","reason":{},"stringValue":"\"favicon.ico\"","value":"favicon.ico","valueType":"string"}
{"kind":"ObjectId","message":"Cast to ObjectId failed for value \"favicon.ico\" (type string) at path \"_id\" for model \"carts\"","name":"CastError","path":"_id","reason":{},"stringValue":"\"favicon.ico\"","value":"favicon.ico","valueType":"string"}
{"kind":"ObjectId","message":"Cast to ObjectId failed for value \"favicon.ico\" (type string) at path \"_id\" for model \"carts\"","name":"CastError","path":"_id","reason":{},"stringValue":"\"favicon.ico\"","value":"favicon.ico","valueType":"string"}
{"kind":"ObjectId","message":"Cast to ObjectId failed for value \"favicon.ico\" (type string) at path \"_id\" for model \"carts\"","name":"CastError","path":"_id","reason":{},"stringValue":"\"favicon.ico\"","value":"favicon.ico","valueType":"string"}
{"kind":"ObjectId","message":"Cast to ObjectId failed for value \"favicon.ico\" (type string) at path \"_id\" for model \"carts\"","name":"CastError","path":"_id","reason":{},"stringValue":"\"favicon.ico\"","value":"favicon.ico","valueType":"string"}
{"kind":"ObjectId","message":"Cast to ObjectId failed for value \"favicon.ico\" (type string) at path \"_id\" for model \"carts\"","name":"CastError","path":"_id","reason":{},"stringValue":"\"favicon.ico\"","value":"favicon.ico","valueType":"string"}
{"kind":"ObjectId","message":"Cast to ObjectId failed for value \"favicon.ico\" (type string) at path \"_id\" for model \"carts\"","name":"CastError","path":"_id","reason":{},"stringValue":"\"favicon.ico\"","value":"favicon.ico","valueType":"string"}
{"kind":"ObjectId","message":"Cast to ObjectId failed for value \"favicon.ico\" (type string) at path \"_id\" for model \"carts\"","name":"CastError","path":"_id","reason":{},"stringValue":"\"favicon.ico\"","value":"favicon.ico","valueType":"string"}
{"kind":"ObjectId","message":"Cast to ObjectId failed for value \"favicon.ico\" (type string) at path \"_id\" for model \"carts\"","name":"CastError","path":"_id","reason":{},"stringValue":"\"favicon.ico\"","value":"favicon.ico","valueType":"string"}
{"kind":"ObjectId","message":"Cast to ObjectId failed for value \"favicon.ico\" (type string) at path \"_id\" for model \"carts\"","name":"CastError","path":"_id","reason":{},"stringValue":"\"favicon.ico\"","value":"favicon.ico","valueType":"string"}
{"kind":"ObjectId","message":"Cast to ObjectId failed for value \"favicon.ico\" (type string) at path \"_id\" for model \"carts\"","name":"CastError","path":"_id","reason":{},"stringValue":"\"favicon.ico\"","value":"favicon.ico","valueType":"string"}
{"kind":"ObjectId","message":"Cast to ObjectId failed for value \"favicon.ico\" (type string) at path \"_id\" for model \"carts\"","name":"CastError","path":"_id","reason":{},"stringValue":"\"favicon.ico\"","value":"favicon.ico","valueType":"string"}
{"kind":"ObjectId","message":"Cast to ObjectId failed for value \"favicon.ico\" (type string) at path \"_id\" for model \"carts\"","name":"CastError","path":"_id","reason":{},"stringValue":"\"favicon.ico\"","value":"favicon.ico","valueType":"string"}
{"kind":"ObjectId","message":"Cast to ObjectId failed for value \"favicon.ico\" (type string) at path \"_id\" for model \"carts\"","name":"CastError","path":"_id","reason":{},"stringValue":"\"favicon.ico\"","value":"favicon.ico","valueType":"string"}
{"kind":"ObjectId","message":"Cast to ObjectId failed for value \"favicon.ico\" (type string) at path \"_id\" for model \"carts\"","name":"CastError","path":"_id","reason":{},"stringValue":"\"favicon.ico\"","value":"favicon.ico","valueType":"string"}
{"kind":"ObjectId","message":"Cast to ObjectId failed for value \"favicon.ico\" (type string) at path \"_id\" for model \"carts\"","name":"CastError","path":"_id","reason":{},"stringValue":"\"favicon.ico\"","value":"favicon.ico","valueType":"string"}
{"kind":"ObjectId","message":"Cast to ObjectId failed for value \"favicon.ico\" (type string) at path \"_id\" for model \"carts\"","name":"CastError","path":"_id","reason":{},"stringValue":"\"favicon.ico\"","value":"favicon.ico","valueType":"string"}
{"kind":"ObjectId","message":"Cast to ObjectId failed for value \"favicon.ico\" (type string) at path \"_id\" for model \"carts\"","name":"CastError","path":"_id","reason":{},"stringValue":"\"favicon.ico\"","value":"favicon.ico","valueType":"string"}
{"kind":"ObjectId","message":"Cast to ObjectId failed for value \"favicon.ico\" (type string) at path \"_id\" for model \"carts\"","name":"CastError","path":"_id","reason":{},"stringValue":"\"favicon.ico\"","value":"favicon.ico","valueType":"string"}
{"kind":"ObjectId","message":"Cast to ObjectId failed for value \"favicon.ico\" (type string) at path \"_id\" for model \"carts\"","name":"CastError","path":"_id","reason":{},"stringValue":"\"favicon.ico\"","value":"favicon.ico","valueType":"string"}
{"kind":"ObjectId","message":"Cast to ObjectId failed for value \"favicon.ico\" (type string) at path \"_id\" for model \"carts\"","name":"CastError","path":"_id","reason":{},"stringValue":"\"favicon.ico\"","value":"favicon.ico","valueType":"string"}
{"kind":"ObjectId","message":"Cast to ObjectId failed for value \"favicon.ico\" (type string) at path \"_id\" for model \"carts\"","name":"CastError","path":"_id","reason":{},"stringValue":"\"favicon.ico\"","value":"favicon.ico","valueType":"string"}
{"kind":"ObjectId","message":"Cast to ObjectId failed for value \"favicon.ico\" (type string) at path \"_id\" for model \"carts\"","name":"CastError","path":"_id","reason":{},"stringValue":"\"favicon.ico\"","value":"favicon.ico","valueType":"string"}
{"kind":"ObjectId","message":"Cast to ObjectId failed for value \"favicon.ico\" (type string) at path \"_id\" for model \"carts\"","name":"CastError","path":"_id","reason":{},"stringValue":"\"favicon.ico\"","value":"favicon.ico","valueType":"string"}
{"kind":"ObjectId","message":"Cast to ObjectId failed for value \"favicon.ico\" (type string) at path \"_id\" for model \"carts\"","name":"CastError","path":"_id","reason":{},"stringValue":"\"favicon.ico\"","value":"favicon.ico","valueType":"string"}
{"kind":"ObjectId","message":"Cast to ObjectId failed for value \"favicon.ico\" (type string) at path \"_id\" for model \"carts\"","name":"CastError","path":"_id","reason":{},"stringValue":"\"favicon.ico\"","value":"favicon.ico","valueType":"string"}
{"kind":"ObjectId","message":"Cast to ObjectId failed for value \"favicon.ico\" (type string) at path \"_id\" for model \"carts\"","name":"CastError","path":"_id","reason":{},"stringValue":"\"favicon.ico\"","value":"favicon.ico","valueType":"string"}
{"kind":"ObjectId","message":"Cast to ObjectId failed for value \"favicon.ico\" (type string) at path \"_id\" for model \"carts\"","name":"CastError","path":"_id","reason":{},"stringValue":"\"favicon.ico\"","value":"favicon.ico","valueType":"string"}
{"kind":"ObjectId","message":"Cast to ObjectId failed for value \"favicon.ico\" (type string) at path \"_id\" for model \"carts\"","name":"CastError","path":"_id","reason":{},"stringValue":"\"favicon.ico\"","value":"favicon.ico","valueType":"string"}
{"kind":"ObjectId","message":"Cast to ObjectId failed for value \"favicon.ico\" (type string) at path \"_id\" for model \"carts\"","name":"CastError","path":"_id","reason":{},"stringValue":"\"favicon.ico\"","value":"favicon.ico","valueType":"string"}
{"kind":"ObjectId","message":"Cast to ObjectId failed for value \"favicon.ico\" (type string) at path \"_id\" for model \"carts\"","name":"CastError","path":"_id","reason":{},"stringValue":"\"favicon.ico\"","value":"favicon.ico","valueType":"string"}
{"kind":"ObjectId","message":"Cast to ObjectId failed for value \"favicon.ico\" (type string) at path \"_id\" for model \"carts\"","name":"CastError","path":"_id","reason":{},"stringValue":"\"favicon.ico\"","value":"favicon.ico","valueType":"string"}
{"kind":"ObjectId","message":"Cast to ObjectId failed for value \"favicon.ico\" (type string) at path \"_id\" for model \"carts\"","name":"CastError","path":"_id","reason":{},"stringValue":"\"favicon.ico\"","value":"favicon.ico","valueType":"string"}
{"kind":"ObjectId","message":"Cast to ObjectId failed for value \"favicon.ico\" (type string) at path \"_id\" for model \"carts\"","name":"CastError","path":"_id","reason":{},"stringValue":"\"favicon.ico\"","value":"favicon.ico","valueType":"string"}
{"kind":"ObjectId","message":"Cast to ObjectId failed for value \"favicon.ico\" (type string) at path \"_id\" for model \"carts\"","name":"CastError","path":"_id","reason":{},"stringValue":"\"favicon.ico\"","value":"favicon.ico","valueType":"string"}
{"kind":"ObjectId","message":"Cast to ObjectId failed for value \"favicon.ico\" (type string) at path \"_id\" for model \"carts\"","name":"CastError","path":"_id","reason":{},"stringValue":"\"favicon.ico\"","value":"favicon.ico","valueType":"string"}
{"kind":"ObjectId","message":"Cast to ObjectId failed for value \"favicon.ico\" (type string) at path \"_id\" for model \"carts\"","name":"CastError","path":"_id","reason":{},"stringValue":"\"favicon.ico\"","value":"favicon.ico","valueType":"string"}
{"kind":"ObjectId","message":"Cast to ObjectId failed for value \"favicon.ico\" (type string) at path \"_id\" for model \"carts\"","name":"CastError","path":"_id","reason":{},"stringValue":"\"favicon.ico\"","value":"favicon.ico","valueType":"string"}
{"kind":"ObjectId","message":"Cast to ObjectId failed for value \"favicon.ico\" (type string) at path \"_id\" for model \"carts\"","name":"CastError","path":"_id","reason":{},"stringValue":"\"favicon.ico\"","value":"favicon.ico","valueType":"string"}
{"kind":"ObjectId","message":"Cast to ObjectId failed for value \"favicon.ico\" (type string) at path \"_id\" for model \"carts\"","name":"CastError","path":"_id","reason":{},"stringValue":"\"favicon.ico\"","value":"favicon.ico","valueType":"string"}
{"kind":"ObjectId","message":"Cast to ObjectId failed for value \"favicon.ico\" (type string) at path \"_id\" for model \"carts\"","name":"CastError","path":"_id","reason":{},"stringValue":"\"favicon.ico\"","value":"favicon.ico","valueType":"string"}
{"kind":"ObjectId","message":"Cast to ObjectId failed for value \"favicon.ico\" (type string) at path \"_id\" for model \"carts\"","name":"CastError","path":"_id","reason":{},"stringValue":"\"favicon.ico\"","value":"favicon.ico","valueType":"string"}
{"kind":"ObjectId","message":"Cast to ObjectId failed for value \"favicon.ico\" (type string) at path \"_id\" for model \"carts\"","name":"CastError","path":"_id","reason":{},"stringValue":"\"favicon.ico\"","value":"favicon.ico","valueType":"string"}
{"kind":"ObjectId","message":"Cast to ObjectId failed for value \"favicon.ico\" (type string) at path \"_id\" for model \"carts\"","name":"CastError","path":"_id","reason":{},"stringValue":"\"favicon.ico\"","value":"favicon.ico","valueType":"string"}
{"kind":"ObjectId","message":"Cast to ObjectId failed for value \"favicon.ico\" (type string) at path \"_id\" for model \"carts\"","name":"CastError","path":"_id","reason":{},"stringValue":"\"favicon.ico\"","value":"favicon.ico","valueType":"string"}
{"kind":"ObjectId","message":"Cast to ObjectId failed for value \"favicon.ico\" (type string) at path \"_id\" for model \"carts\"","name":"CastError","path":"_id","reason":{},"stringValue":"\"favicon.ico\"","value":"favicon.ico","valueType":"string"}
{"kind":"ObjectId","message":"Cast to ObjectId failed for value \"favicon.ico\" (type string) at path \"_id\" for model \"carts\"","name":"CastError","path":"_id","reason":{},"stringValue":"\"favicon.ico\"","value":"favicon.ico","valueType":"string"}
{"kind":"ObjectId","message":"Cast to ObjectId failed for value \"favicon.ico\" (type string) at path \"_id\" for model \"carts\"","name":"CastError","path":"_id","reason":{},"stringValue":"\"favicon.ico\"","value":"favicon.ico","valueType":"string"}
{"kind":"ObjectId","message":"Cast to ObjectId failed for value \"favicon.ico\" (type string) at path \"_id\" for model \"carts\"","name":"CastError","path":"_id","reason":{},"stringValue":"\"favicon.ico\"","value":"favicon.ico","valueType":"string"}
{"kind":"ObjectId","message":"Cast to ObjectId failed for value \"favicon.ico\" (type string) at path \"_id\" for model \"carts\"","name":"CastError","path":"_id","reason":{},"stringValue":"\"favicon.ico\"","value":"favicon.ico","valueType":"string"}
{"kind":"ObjectId","message":"Cast to ObjectId failed for value \"favicon.ico\" (type string) at path \"_id\" for model \"carts\"","name":"CastError","path":"_id","reason":{},"stringValue":"\"favicon.ico\"","value":"favicon.ico","valueType":"string"}
{"kind":"ObjectId","message":"Cast to ObjectId failed for value \"favicon.ico\" (type string) at path \"_id\" for model \"carts\"","name":"CastError","path":"_id","reason":{},"stringValue":"\"favicon.ico\"","value":"favicon.ico","valueType":"string"}
{"kind":"ObjectId","message":"Cast to ObjectId failed for value \"favicon.ico\" (type string) at path \"_id\" for model \"carts\"","name":"CastError","path":"_id","reason":{},"stringValue":"\"favicon.ico\"","value":"favicon.ico","valueType":"string"}
{"kind":"ObjectId","message":"Cast to ObjectId failed for value \"favicon.ico\" (type string) at path \"_id\" for model \"carts\"","name":"CastError","path":"_id","reason":{},"stringValue":"\"favicon.ico\"","value":"favicon.ico","valueType":"string"}
{"kind":"ObjectId","message":"Cast to ObjectId failed for value \"favicon.ico\" (type string) at path \"_id\" for model \"carts\"","name":"CastError","path":"_id","reason":{},"stringValue":"\"favicon.ico\"","value":"favicon.ico","valueType":"string"}
{"kind":"ObjectId","message":"Cast to ObjectId failed for value \"favicon.ico\" (type string) at path \"_id\" for model \"carts\"","name":"CastError","path":"_id","reason":{},"stringValue":"\"favicon.ico\"","value":"favicon.ico","valueType":"string"}
{"kind":"ObjectId","message":"Cast to ObjectId failed for value \"favicon.ico\" (type string) at path \"_id\" for model \"carts\"","name":"CastError","path":"_id","reason":{},"stringValue":"\"favicon.ico\"","value":"favicon.ico","valueType":"string"}
{"kind":"ObjectId","message":"Cast to ObjectId failed for value \"favicon.ico\" (type string) at path \"_id\" for model \"carts\"","name":"CastError","path":"_id","reason":{},"stringValue":"\"favicon.ico\"","value":"favicon.ico","valueType":"string"}
{"kind":"ObjectId","message":"Cast to ObjectId failed for value \"favicon.ico\" (type string) at path \"_id\" for model \"carts\"","name":"CastError","path":"_id","reason":{},"stringValue":"\"favicon.ico\"","value":"favicon.ico","valueType":"string"}
{"kind":"ObjectId","message":"Cast to ObjectId failed for value \"favicon.ico\" (type string) at path \"_id\" for model \"carts\"","name":"CastError","path":"_id","reason":{},"stringValue":"\"favicon.ico\"","value":"favicon.ico","valueType":"string"}
{"kind":"ObjectId","message":"Cast to ObjectId failed for value \"favicon.ico\" (type string) at path \"_id\" for model \"carts\"","name":"CastError","path":"_id","reason":{},"stringValue":"\"favicon.ico\"","value":"favicon.ico","valueType":"string"}
{"kind":"ObjectId","message":"Cast to ObjectId failed for value \"favicon.ico\" (type string) at path \"_id\" for model \"carts\"","name":"CastError","path":"_id","reason":{},"stringValue":"\"favicon.ico\"","value":"favicon.ico","valueType":"string"}
{"kind":"ObjectId","message":"Cast to ObjectId failed for value \"favicon.ico\" (type string) at path \"_id\" for model \"carts\"","name":"CastError","path":"_id","reason":{},"stringValue":"\"favicon.ico\"","value":"favicon.ico","valueType":"string"}
{"kind":"ObjectId","message":"Cast to ObjectId failed for value \"favicon.ico\" (type string) at path \"_id\" for model \"carts\"","name":"CastError","path":"_id","reason":{},"stringValue":"\"favicon.ico\"","value":"favicon.ico","valueType":"string"}
{"kind":"ObjectId","message":"Cast to ObjectId failed for value \"favicon.ico\" (type string) at path \"_id\" for model \"carts\"","name":"CastError","path":"_id","reason":{},"stringValue":"\"favicon.ico\"","value":"favicon.ico","valueType":"string"}
{"kind":"ObjectId","message":"Cast to ObjectId failed for value \"favicon.ico\" (type string) at path \"_id\" for model \"carts\"","name":"CastError","path":"_id","reason":{},"stringValue":"\"favicon.ico\"","value":"favicon.ico","valueType":"string"}
{"kind":"ObjectId","message":"Cast to ObjectId failed for value \"favicon.ico\" (type string) at path \"_id\" for model \"carts\"","name":"CastError","path":"_id","reason":{},"stringValue":"\"favicon.ico\"","value":"favicon.ico","valueType":"string"}
{"kind":"ObjectId","message":"Cast to ObjectId failed for value \"favicon.ico\" (type string) at path \"_id\" for model \"carts\"","name":"CastError","path":"_id","reason":{},"stringValue":"\"favicon.ico\"","value":"favicon.ico","valueType":"string"}
{"kind":"ObjectId","message":"Cast to ObjectId failed for value \"favicon.ico\" (type string) at path \"_id\" for model \"carts\"","name":"CastError","path":"_id","reason":{},"stringValue":"\"favicon.ico\"","value":"favicon.ico","valueType":"string"}
{"kind":"ObjectId","message":"Cast to ObjectId failed for value \"favicon.ico\" (type string) at path \"_id\" for model \"carts\"","name":"CastError","path":"_id","reason":{},"stringValue":"\"favicon.ico\"","value":"favicon.ico","valueType":"string"}
{"kind":"ObjectId","message":"Cast to ObjectId failed for value \"favicon.ico\" (type string) at path \"_id\" for model \"carts\"","name":"CastError","path":"_id","reason":{},"stringValue":"\"favicon.ico\"","value":"favicon.ico","valueType":"string"}
{"kind":"ObjectId","message":"Cast to ObjectId failed for value \"favicon.ico\" (type string) at path \"_id\" for model \"carts\"","name":"CastError","path":"_id","reason":{},"stringValue":"\"favicon.ico\"","value":"favicon.ico","valueType":"string"}
{"kind":"ObjectId","message":"Cast to ObjectId failed for value \"favicon.ico\" (type string) at path \"_id\" for model \"carts\"","name":"CastError","path":"_id","reason":{},"stringValue":"\"favicon.ico\"","value":"favicon.ico","valueType":"string"}
{"kind":"ObjectId","message":"Cast to ObjectId failed for value \"favicon.ico\" (type string) at path \"_id\" for model \"carts\"","name":"CastError","path":"_id","reason":{},"stringValue":"\"favicon.ico\"","value":"favicon.ico","valueType":"string"}
{"kind":"ObjectId","message":"Cast to ObjectId failed for value \"favicon.ico\" (type string) at path \"_id\" for model \"carts\"","name":"CastError","path":"_id","reason":{},"stringValue":"\"favicon.ico\"","value":"favicon.ico","valueType":"string"}
{"kind":"ObjectId","message":"Cast to ObjectId failed for value \"favicon.ico\" (type string) at path \"_id\" for model \"carts\"","name":"CastError","path":"_id","reason":{},"stringValue":"\"favicon.ico\"","value":"favicon.ico","valueType":"string"}
{"kind":"ObjectId","message":"Cast to ObjectId failed for value \"favicon.ico\" (type string) at path \"_id\" for model \"carts\"","name":"CastError","path":"_id","reason":{},"stringValue":"\"favicon.ico\"","value":"favicon.ico","valueType":"string"}
{"kind":"ObjectId","message":"Cast to ObjectId failed for value \"favicon.ico\" (type string) at path \"_id\" for model \"carts\"","name":"CastError","path":"_id","reason":{},"stringValue":"\"favicon.ico\"","value":"favicon.ico","valueType":"string"}
{"kind":"ObjectId","message":"Cast to ObjectId failed for value \"favicon.ico\" (type string) at path \"_id\" for model \"carts\"","name":"CastError","path":"_id","reason":{},"stringValue":"\"favicon.ico\"","value":"favicon.ico","valueType":"string"}
{"kind":"ObjectId","message":"Cast to ObjectId failed for value \"favicon.ico\" (type string) at path \"_id\" for model \"carts\"","name":"CastError","path":"_id","reason":{},"stringValue":"\"favicon.ico\"","value":"favicon.ico","valueType":"string"}
{"kind":"ObjectId","message":"Cast to ObjectId failed for value \"favicon.ico\" (type string) at path \"_id\" for model \"carts\"","name":"CastError","path":"_id","reason":{},"stringValue":"\"favicon.ico\"","value":"favicon.ico","valueType":"string"}
{"kind":"ObjectId","message":"Cast to ObjectId failed for value \"favicon.ico\" (type string) at path \"_id\" for model \"carts\"","name":"CastError","path":"_id","reason":{},"stringValue":"\"favicon.ico\"","value":"favicon.ico","valueType":"string"}
{"kind":"ObjectId","message":"Cast to ObjectId failed for value \"favicon.ico\" (type string) at path \"_id\" for model \"carts\"","name":"CastError","path":"_id","reason":{},"stringValue":"\"favicon.ico\"","value":"favicon.ico","valueType":"string"}
{"kind":"ObjectId","message":"Cast to ObjectId failed for value \"favicon.ico\" (type string) at path \"_id\" for model \"carts\"","name":"CastError","path":"_id","reason":{},"stringValue":"\"favicon.ico\"","value":"favicon.ico","valueType":"string"}
{"kind":"ObjectId","message":"Cast to ObjectId failed for value \"favicon.ico\" (type string) at path \"_id\" for model \"carts\"","name":"CastError","path":"_id","reason":{},"stringValue":"\"favicon.ico\"","value":"favicon.ico","valueType":"string"}
{"kind":"ObjectId","message":"Cast to ObjectId failed for value \"favicon.ico\" (type string) at path \"_id\" for model \"carts\"","name":"CastError","path":"_id","reason":{},"stringValue":"\"favicon.ico\"","value":"favicon.ico","valueType":"string"}
{"kind":"ObjectId","message":"Cast to ObjectId failed for value \"favicon.ico\" (type string) at path \"_id\" for model \"carts\"","name":"CastError","path":"_id","reason":{},"stringValue":"\"favicon.ico\"","value":"favicon.ico","valueType":"string"}
{"kind":"ObjectId","message":"Cast to ObjectId failed for value \"favicon.ico\" (type string) at path \"_id\" for model \"carts\"","name":"CastError","path":"_id","reason":{},"stringValue":"\"favicon.ico\"","value":"favicon.ico","valueType":"string"}
{"kind":"ObjectId","message":"Cast to ObjectId failed for value \"favicon.ico\" (type string) at path \"_id\" for model \"carts\"","name":"CastError","path":"_id","reason":{},"stringValue":"\"favicon.ico\"","value":"favicon.ico","valueType":"string"}
{"kind":"ObjectId","message":"Cast to ObjectId failed for value \"favicon.ico\" (type string) at path \"_id\" for model \"carts\"","name":"CastError","path":"_id","reason":{},"stringValue":"\"favicon.ico\"","value":"favicon.ico","valueType":"string"}
{"kind":"ObjectId","message":"Cast to ObjectId failed for value \"favicon.ico\" (type string) at path \"_id\" for model \"carts\"","name":"CastError","path":"_id","reason":{},"stringValue":"\"favicon.ico\"","value":"favicon.ico","valueType":"string"}
{"kind":"ObjectId","message":"Cast to ObjectId failed for value \"favicon.ico\" (type string) at path \"_id\" for model \"carts\"","name":"CastError","path":"_id","reason":{},"stringValue":"\"favicon.ico\"","value":"favicon.ico","valueType":"string"}
{"kind":"ObjectId","message":"Cast to ObjectId failed for value \"favicon.ico\" (type string) at path \"_id\" for model \"carts\"","name":"CastError","path":"_id","reason":{},"stringValue":"\"favicon.ico\"","value":"favicon.ico","valueType":"string"}
{"kind":"ObjectId","message":"Cast to ObjectId failed for value \"favicon.ico\" (type string) at path \"_id\" for model \"carts\"","name":"CastError","path":"_id","reason":{},"stringValue":"\"favicon.ico\"","value":"favicon.ico","valueType":"string"}
{"kind":"ObjectId","message":"Cast to ObjectId failed for value \"favicon.ico\" (type string) at path \"_id\" for model \"carts\"","name":"CastError","path":"_id","reason":{},"stringValue":"\"favicon.ico\"","value":"favicon.ico","valueType":"string"}
{"kind":"ObjectId","message":"Cast to ObjectId failed for value \"favicon.ico\" (type string) at path \"_id\" for model \"carts\"","name":"CastError","path":"_id","reason":{},"stringValue":"\"favicon.ico\"","value":"favicon.ico","valueType":"string"}
{"kind":"ObjectId","message":"Cast to ObjectId failed for value \"favicon.ico\" (type string) at path \"_id\" for model \"carts\"","name":"CastError","path":"_id","reason":{},"stringValue":"\"favicon.ico\"","value":"favicon.ico","valueType":"string"}
{"kind":"ObjectId","message":"Cast to ObjectId failed for value \"favicon.ico\" (type string) at path \"_id\" for model \"carts\"","name":"CastError","path":"_id","reason":{},"stringValue":"\"favicon.ico\"","value":"favicon.ico","valueType":"string"}
{"kind":"ObjectId","message":"Cast to ObjectId failed for value \"favicon.ico\" (type string) at path \"_id\" for model \"carts\"","name":"CastError","path":"_id","reason":{},"stringValue":"\"favicon.ico\"","value":"favicon.ico","valueType":"string"}
{"kind":"ObjectId","message":"Cast to ObjectId failed for value \"favicon.ico\" (type string) at path \"_id\" for model \"carts\"","name":"CastError","path":"_id","reason":{},"stringValue":"\"favicon.ico\"","value":"favicon.ico","valueType":"string"}
{"kind":"ObjectId","message":"Cast to ObjectId failed for value \"favicon.ico\" (type string) at path \"_id\" for model \"carts\"","name":"CastError","path":"_id","reason":{},"stringValue":"\"favicon.ico\"","value":"favicon.ico","valueType":"string"}
{"kind":"ObjectId","message":"Cast to ObjectId failed for value \"favicon.ico\" (type string) at path \"_id\" for model \"carts\"","name":"CastError","path":"_id","reason":{},"stringValue":"\"favicon.ico\"","value":"favicon.ico","valueType":"string"}
{"kind":"ObjectId","message":"Cast to ObjectId failed for value \"favicon.ico\" (type string) at path \"_id\" for model \"carts\"","name":"CastError","path":"_id","reason":{},"stringValue":"\"favicon.ico\"","value":"favicon.ico","valueType":"string"}
{"kind":"ObjectId","message":"Cast to ObjectId failed for value \"favicon.ico\" (type string) at path \"_id\" for model \"carts\"","name":"CastError","path":"_id","reason":{},"stringValue":"\"favicon.ico\"","value":"favicon.ico","valueType":"string"}
{"kind":"ObjectId","message":"Cast to ObjectId failed for value \"favicon.ico\" (type string) at path \"_id\" for model \"carts\"","name":"CastError","path":"_id","reason":{},"stringValue":"\"favicon.ico\"","value":"favicon.ico","valueType":"string"}
{"kind":"ObjectId","message":"Cast to ObjectId failed for value \"favicon.ico\" (type string) at path \"_id\" for model \"carts\"","name":"CastError","path":"_id","reason":{},"stringValue":"\"favicon.ico\"","value":"favicon.ico","valueType":"string"}
{"kind":"ObjectId","message":"Cast to ObjectId failed for value \"favicon.ico\" (type string) at path \"_id\" for model \"carts\"","name":"CastError","path":"_id","reason":{},"stringValue":"\"favicon.ico\"","value":"favicon.ico","valueType":"string"}
{"kind":"ObjectId","message":"Cast to ObjectId failed for value \"favicon.ico\" (type string) at path \"_id\" for model \"carts\"","name":"CastError","path":"_id","reason":{},"stringValue":"\"favicon.ico\"","value":"favicon.ico","valueType":"string"}
{"kind":"ObjectId","message":"Cast to ObjectId failed for value \"favicon.ico\" (type string) at path \"_id\" for model \"carts\"","name":"CastError","path":"_id","reason":{},"stringValue":"\"favicon.ico\"","value":"favicon.ico","valueType":"string"}
{"kind":"ObjectId","message":"Cast to ObjectId failed for value \"favicon.ico\" (type string) at path \"_id\" for model \"carts\"","name":"CastError","path":"_id","reason":{},"stringValue":"\"favicon.ico\"","value":"favicon.ico","valueType":"string"}
{"kind":"ObjectId","message":"Cast to ObjectId failed for value \"favicon.ico\" (type string) at path \"_id\" for model \"carts\"","name":"CastError","path":"_id","reason":{},"stringValue":"\"favicon.ico\"","value":"favicon.ico","valueType":"string"}
{"kind":"ObjectId","message":"Cast to ObjectId failed for value \"favicon.ico\" (type string) at path \"_id\" for model \"carts\"","name":"CastError","path":"_id","reason":{},"stringValue":"\"favicon.ico\"","value":"favicon.ico","valueType":"string"}
{"kind":"ObjectId","message":"Cast to ObjectId failed for value \"favicon.ico\" (type string) at path \"_id\" for model \"carts\"","name":"CastError","path":"_id","reason":{},"stringValue":"\"favicon.ico\"","value":"favicon.ico","valueType":"string"}
{"level":"error"}
{"kind":"ObjectId","message":"Cast to ObjectId failed for value \"css\" (type string) at path \"_id\" for model \"carts\"","name":"CastError","path":"_id","reason":{},"stringValue":"\"css\"","value":"css","valueType":"string"}
{"kind":"ObjectId","message":"Cast to ObjectId failed for value \"favicon.ico\" (type string) at path \"_id\" for model \"carts\"","name":"CastError","path":"_id","reason":{},"stringValue":"\"favicon.ico\"","value":"favicon.ico","valueType":"string"}
{"level":"error"}
{"kind":"ObjectId","message":"Cast to ObjectId failed for value \"css\" (type string) at path \"_id\" for model \"carts\"","name":"CastError","path":"_id","reason":{},"stringValue":"\"css\"","value":"css","valueType":"string"}
{"kind":"ObjectId","message":"Cast to ObjectId failed for value \"favicon.ico\" (type string) at path \"_id\" for model \"carts\"","name":"CastError","path":"_id","reason":{},"stringValue":"\"favicon.ico\"","value":"favicon.ico","valueType":"string"}
{"kind":"ObjectId","message":"Cast to ObjectId failed for value \"favicon.ico\" (type string) at path \"_id\" for model \"carts\"","name":"CastError","path":"_id","reason":{},"stringValue":"\"favicon.ico\"","value":"favicon.ico","valueType":"string"}
{"kind":"ObjectId","message":"Cast to ObjectId failed for value \"favicon.ico\" (type string) at path \"_id\" for model \"carts\"","name":"CastError","path":"_id","reason":{},"stringValue":"\"favicon.ico\"","value":"favicon.ico","valueType":"string"}
{"kind":"ObjectId","message":"Cast to ObjectId failed for value \"favicon.ico\" (type string) at path \"_id\" for model \"carts\"","name":"CastError","path":"_id","reason":{},"stringValue":"\"favicon.ico\"","value":"favicon.ico","valueType":"string"}
{"kind":"ObjectId","message":"Cast to ObjectId failed for value \"favicon.ico\" (type string) at path \"_id\" for model \"carts\"","name":"CastError","path":"_id","reason":{},"stringValue":"\"favicon.ico\"","value":"favicon.ico","valueType":"string"}
{"level":"error"}
{"kind":"ObjectId","message":"Cast to ObjectId failed for value \"css\" (type string) at path \"_id\" for model \"carts\"","name":"CastError","path":"_id","reason":{},"stringValue":"\"css\"","value":"css","valueType":"string"}
{"kind":"ObjectId","message":"Cast to ObjectId failed for value \"favicon.ico\" (type string) at path \"_id\" for model \"carts\"","name":"CastError","path":"_id","reason":{},"stringValue":"\"favicon.ico\"","value":"favicon.ico","valueType":"string"}
{"kind":"ObjectId","message":"Cast to ObjectId failed for value \"favicon.ico\" (type string) at path \"_id\" for model \"carts\"","name":"CastError","path":"_id","reason":{},"stringValue":"\"favicon.ico\"","value":"favicon.ico","valueType":"string"}
{"kind":"ObjectId","message":"Cast to ObjectId failed for value \"favicon.ico\" (type string) at path \"_id\" for model \"carts\"","name":"CastError","path":"_id","reason":{},"stringValue":"\"favicon.ico\"","value":"favicon.ico","valueType":"string"}
{"kind":"ObjectId","message":"Cast to ObjectId failed for value \"favicon.ico\" (type string) at path \"_id\" for model \"carts\"","name":"CastError","path":"_id","reason":{},"stringValue":"\"favicon.ico\"","value":"favicon.ico","valueType":"string"}
{"kind":"ObjectId","message":"Cast to ObjectId failed for value \"favicon.ico\" (type string) at path \"_id\" for model \"carts\"","name":"CastError","path":"_id","reason":{},"stringValue":"\"favicon.ico\"","value":"favicon.ico","valueType":"string"}
{"kind":"ObjectId","message":"Cast to ObjectId failed for value \"favicon.ico\" (type string) at path \"_id\" for model \"carts\"","name":"CastError","path":"_id","reason":{},"stringValue":"\"favicon.ico\"","value":"favicon.ico","valueType":"string"}
{"kind":"ObjectId","message":"Cast to ObjectId failed for value \"favicon.ico\" (type string) at path \"_id\" for model \"carts\"","name":"CastError","path":"_id","reason":{},"stringValue":"\"favicon.ico\"","value":"favicon.ico","valueType":"string"}
{"kind":"ObjectId","message":"Cast to ObjectId failed for value \"favicon.ico\" (type string) at path \"_id\" for model \"carts\"","name":"CastError","path":"_id","reason":{},"stringValue":"\"favicon.ico\"","value":"favicon.ico","valueType":"string"}
{"kind":"ObjectId","message":"Cast to ObjectId failed for value \"favicon.ico\" (type string) at path \"_id\" for model \"carts\"","name":"CastError","path":"_id","reason":{},"stringValue":"\"favicon.ico\"","value":"favicon.ico","valueType":"string"}
{"kind":"ObjectId","message":"Cast to ObjectId failed for value \"favicon.ico\" (type string) at path \"_id\" for model \"carts\"","name":"CastError","path":"_id","reason":{},"stringValue":"\"favicon.ico\"","value":"favicon.ico","valueType":"string"}
{"kind":"ObjectId","message":"Cast to ObjectId failed for value \"favicon.ico\" (type string) at path \"_id\" for model \"carts\"","name":"CastError","path":"_id","reason":{},"stringValue":"\"favicon.ico\"","value":"favicon.ico","valueType":"string"}
{"kind":"ObjectId","message":"Cast to ObjectId failed for value \"favicon.ico\" (type string) at path \"_id\" for model \"carts\"","name":"CastError","path":"_id","reason":{},"stringValue":"\"favicon.ico\"","value":"favicon.ico","valueType":"string"}
{"kind":"ObjectId","message":"Cast to ObjectId failed for value \"favicon.ico\" (type string) at path \"_id\" for model \"carts\"","name":"CastError","path":"_id","reason":{},"stringValue":"\"favicon.ico\"","value":"favicon.ico","valueType":"string"}
{"kind":"ObjectId","message":"Cast to ObjectId failed for value \"favicon.ico\" (type string) at path \"_id\" for model \"carts\"","name":"CastError","path":"_id","reason":{},"stringValue":"\"favicon.ico\"","value":"favicon.ico","valueType":"string"}
{"kind":"ObjectId","message":"Cast to ObjectId failed for value \"favicon.ico\" (type string) at path \"_id\" for model \"carts\"","name":"CastError","path":"_id","reason":{},"stringValue":"\"favicon.ico\"","value":"favicon.ico","valueType":"string"}
{"kind":"ObjectId","message":"Cast to ObjectId failed for value \"favicon.ico\" (type string) at path \"_id\" for model \"carts\"","name":"CastError","path":"_id","reason":{},"stringValue":"\"favicon.ico\"","value":"favicon.ico","valueType":"string"}
{"kind":"ObjectId","message":"Cast to ObjectId failed for value \"favicon.ico\" (type string) at path \"_id\" for model \"carts\"","name":"CastError","path":"_id","reason":{},"stringValue":"\"favicon.ico\"","value":"favicon.ico","valueType":"string"}
{"kind":"ObjectId","message":"Cast to ObjectId failed for value \"favicon.ico\" (type string) at path \"_id\" for model \"carts\"","name":"CastError","path":"_id","reason":{},"stringValue":"\"favicon.ico\"","value":"favicon.ico","valueType":"string"}
{"kind":"ObjectId","message":"Cast to ObjectId failed for value \"favicon.ico\" (type string) at path \"_id\" for model \"carts\"","name":"CastError","path":"_id","reason":{},"stringValue":"\"favicon.ico\"","value":"favicon.ico","valueType":"string"}
{"kind":"ObjectId","message":"Cast to ObjectId failed for value \"favicon.ico\" (type string) at path \"_id\" for model \"carts\"","name":"CastError","path":"_id","reason":{},"stringValue":"\"favicon.ico\"","value":"favicon.ico","valueType":"string"}
{"kind":"ObjectId","message":"Cast to ObjectId failed for value \"favicon.ico\" (type string) at path \"_id\" for model \"carts\"","name":"CastError","path":"_id","reason":{},"stringValue":"\"favicon.ico\"","value":"favicon.ico","valueType":"string"}
{"kind":"ObjectId","message":"Cast to ObjectId failed for value \"favicon.ico\" (type string) at path \"_id\" for model \"carts\"","name":"CastError","path":"_id","reason":{},"stringValue":"\"favicon.ico\"","value":"favicon.ico","valueType":"string"}
{"kind":"ObjectId","message":"Cast to ObjectId failed for value \"favicon.ico\" (type string) at path \"_id\" for model \"carts\"","name":"CastError","path":"_id","reason":{},"stringValue":"\"favicon.ico\"","value":"favicon.ico","valueType":"string"}
{"kind":"ObjectId","message":"Cast to ObjectId failed for value \"favicon.ico\" (type string) at path \"_id\" for model \"carts\"","name":"CastError","path":"_id","reason":{},"stringValue":"\"favicon.ico\"","value":"favicon.ico","valueType":"string"}
{"kind":"ObjectId","message":"Cast to ObjectId failed for value \"favicon.ico\" (type string) at path \"_id\" for model \"carts\"","name":"CastError","path":"_id","reason":{},"stringValue":"\"favicon.ico\"","value":"favicon.ico","valueType":"string"}
{"kind":"ObjectId","message":"Cast to ObjectId failed for value \"favicon.ico\" (type string) at path \"_id\" for model \"carts\"","name":"CastError","path":"_id","reason":{},"stringValue":"\"favicon.ico\"","value":"favicon.ico","valueType":"string"}
{"kind":"ObjectId","message":"Cast to ObjectId failed for value \"favicon.ico\" (type string) at path \"_id\" for model \"carts\"","name":"CastError","path":"_id","reason":{},"stringValue":"\"favicon.ico\"","value":"favicon.ico","valueType":"string"}
{"kind":"ObjectId","message":"Cast to ObjectId failed for value \"favicon.ico\" (type string) at path \"_id\" for model \"carts\"","name":"CastError","path":"_id","reason":{},"stringValue":"\"favicon.ico\"","value":"favicon.ico","valueType":"string"}
{"kind":"ObjectId","message":"Cast to ObjectId failed for value \"favicon.ico\" (type string) at path \"_id\" for model \"carts\"","name":"CastError","path":"_id","reason":{},"stringValue":"\"favicon.ico\"","value":"favicon.ico","valueType":"string"}
{"kind":"ObjectId","message":"Cast to ObjectId failed for value \"favicon.ico\" (type string) at path \"_id\" for model \"carts\"","name":"CastError","path":"_id","reason":{},"stringValue":"\"favicon.ico\"","value":"favicon.ico","valueType":"string"}
{"kind":"ObjectId","message":"Cast to ObjectId failed for value \"favicon.ico\" (type string) at path \"_id\" for model \"carts\"","name":"CastError","path":"_id","reason":{},"stringValue":"\"favicon.ico\"","value":"favicon.ico","valueType":"string"}
{"kind":"ObjectId","message":"Cast to ObjectId failed for value \"favicon.ico\" (type string) at path \"_id\" for model \"carts\"","name":"CastError","path":"_id","reason":{},"stringValue":"\"favicon.ico\"","value":"favicon.ico","valueType":"string"}
{"kind":"ObjectId","message":"Cast to ObjectId failed for value \"favicon.ico\" (type string) at path \"_id\" for model \"carts\"","name":"CastError","path":"_id","reason":{},"stringValue":"\"favicon.ico\"","value":"favicon.ico","valueType":"string"}
{"kind":"ObjectId","message":"Cast to ObjectId failed for value \"favicon.ico\" (type string) at path \"_id\" for model \"carts\"","name":"CastError","path":"_id","reason":{},"stringValue":"\"favicon.ico\"","value":"favicon.ico","valueType":"string"}
{"kind":"ObjectId","message":"Cast to ObjectId failed for value \"favicon.ico\" (type string) at path \"_id\" for model \"carts\"","name":"CastError","path":"_id","reason":{},"stringValue":"\"favicon.ico\"","value":"favicon.ico","valueType":"string"}
{"kind":"ObjectId","message":"Cast to ObjectId failed for value \"favicon.ico\" (type string) at path \"_id\" for model \"carts\"","name":"CastError","path":"_id","reason":{},"stringValue":"\"favicon.ico\"","value":"favicon.ico","valueType":"string"}
{"kind":"ObjectId","message":"Cast to ObjectId failed for value \"favicon.ico\" (type string) at path \"_id\" for model \"carts\"","name":"CastError","path":"_id","reason":{},"stringValue":"\"favicon.ico\"","value":"favicon.ico","valueType":"string"}
{"kind":"ObjectId","message":"Cast to ObjectId failed for value \"favicon.ico\" (type string) at path \"_id\" for model \"carts\"","name":"CastError","path":"_id","reason":{},"stringValue":"\"favicon.ico\"","value":"favicon.ico","valueType":"string"}
{"kind":"ObjectId","message":"Cast to ObjectId failed for value \"favicon.ico\" (type string) at path \"_id\" for model \"carts\"","name":"CastError","path":"_id","reason":{},"stringValue":"\"favicon.ico\"","value":"favicon.ico","valueType":"string"}
{"kind":"ObjectId","message":"Cast to ObjectId failed for value \"favicon.ico\" (type string) at path \"_id\" for model \"carts\"","name":"CastError","path":"_id","reason":{},"stringValue":"\"favicon.ico\"","value":"favicon.ico","valueType":"string"}
{"kind":"ObjectId","message":"Cast to ObjectId failed for value \"favicon.ico\" (type string) at path \"_id\" for model \"carts\"","name":"CastError","path":"_id","reason":{},"stringValue":"\"favicon.ico\"","value":"favicon.ico","valueType":"string"}
{"kind":"ObjectId","message":"Cast to ObjectId failed for value \"favicon.ico\" (type string) at path \"_id\" for model \"carts\"","name":"CastError","path":"_id","reason":{},"stringValue":"\"favicon.ico\"","value":"favicon.ico","valueType":"string"}
{"kind":"ObjectId","message":"Cast to ObjectId failed for value \"favicon.ico\" (type string) at path \"_id\" for model \"carts\"","name":"CastError","path":"_id","reason":{},"stringValue":"\"favicon.ico\"","value":"favicon.ico","valueType":"string"}
{"kind":"ObjectId","message":"Cast to ObjectId failed for value \"favicon.ico\" (type string) at path \"_id\" for model \"carts\"","name":"CastError","path":"_id","reason":{},"stringValue":"\"favicon.ico\"","value":"favicon.ico","valueType":"string"}
{"kind":"ObjectId","message":"Cast to ObjectId failed for value \"favicon.ico\" (type string) at path \"_id\" for model \"carts\"","name":"CastError","path":"_id","reason":{},"stringValue":"\"favicon.ico\"","value":"favicon.ico","valueType":"string"}
{"kind":"ObjectId","message":"Cast to ObjectId failed for value \"favicon.ico\" (type string) at path \"_id\" for model \"carts\"","name":"CastError","path":"_id","reason":{},"stringValue":"\"favicon.ico\"","value":"favicon.ico","valueType":"string"}
{"kind":"ObjectId","message":"Cast to ObjectId failed for value \"favicon.ico\" (type string) at path \"_id\" for model \"carts\"","name":"CastError","path":"_id","reason":{},"stringValue":"\"favicon.ico\"","value":"favicon.ico","valueType":"string"}
{"kind":"ObjectId","message":"Cast to ObjectId failed for value \"favicon.ico\" (type string) at path \"_id\" for model \"carts\"","name":"CastError","path":"_id","reason":{},"stringValue":"\"favicon.ico\"","value":"favicon.ico","valueType":"string"}
{"kind":"ObjectId","message":"Cast to ObjectId failed for value \"favicon.ico\" (type string) at path \"_id\" for model \"carts\"","name":"CastError","path":"_id","reason":{},"stringValue":"\"favicon.ico\"","value":"favicon.ico","valueType":"string"}
{"kind":"ObjectId","message":"Cast to ObjectId failed for value \"favicon.ico\" (type string) at path \"_id\" for model \"carts\"","name":"CastError","path":"_id","reason":{},"stringValue":"\"favicon.ico\"","value":"favicon.ico","valueType":"string"}
{"kind":"ObjectId","message":"Cast to ObjectId failed for value \"favicon.ico\" (type string) at path \"_id\" for model \"carts\"","name":"CastError","path":"_id","reason":{},"stringValue":"\"favicon.ico\"","value":"favicon.ico","valueType":"string"}
{"kind":"ObjectId","message":"Cast to ObjectId failed for value \"favicon.ico\" (type string) at path \"_id\" for model \"carts\"","name":"CastError","path":"_id","reason":{},"stringValue":"\"favicon.ico\"","value":"favicon.ico","valueType":"string"}
{"kind":"ObjectId","message":"Cast to ObjectId failed for value \"favicon.ico\" (type string) at path \"_id\" for model \"carts\"","name":"CastError","path":"_id","reason":{},"stringValue":"\"favicon.ico\"","value":"favicon.ico","valueType":"string"}
{"kind":"ObjectId","message":"Cast to ObjectId failed for value \"favicon.ico\" (type string) at path \"_id\" for model \"carts\"","name":"CastError","path":"_id","reason":{},"stringValue":"\"favicon.ico\"","value":"favicon.ico","valueType":"string"}
{"kind":"ObjectId","message":"Cast to ObjectId failed for value \"favicon.ico\" (type string) at path \"_id\" for model \"carts\"","name":"CastError","path":"_id","reason":{},"stringValue":"\"favicon.ico\"","value":"favicon.ico","valueType":"string"}
{"kind":"ObjectId","message":"Cast to ObjectId failed for value \"favicon.ico\" (type string) at path \"_id\" for model \"carts\"","name":"CastError","path":"_id","reason":{},"stringValue":"\"favicon.ico\"","value":"favicon.ico","valueType":"string"}
{"kind":"ObjectId","message":"Cast to ObjectId failed for value \"favicon.ico\" (type string) at path \"_id\" for model \"carts\"","name":"CastError","path":"_id","reason":{},"stringValue":"\"favicon.ico\"","value":"favicon.ico","valueType":"string"}
{"kind":"ObjectId","message":"Cast to ObjectId failed for value \"favicon.ico\" (type string) at path \"_id\" for model \"carts\"","name":"CastError","path":"_id","reason":{},"stringValue":"\"favicon.ico\"","value":"favicon.ico","valueType":"string"}
{"kind":"ObjectId","message":"Cast to ObjectId failed for value \"favicon.ico\" (type string) at path \"_id\" for model \"carts\"","name":"CastError","path":"_id","reason":{},"stringValue":"\"favicon.ico\"","value":"favicon.ico","valueType":"string"}
{"kind":"ObjectId","message":"Cast to ObjectId failed for value \"favicon.ico\" (type string) at path \"_id\" for model \"carts\"","name":"CastError","path":"_id","reason":{},"stringValue":"\"favicon.ico\"","value":"favicon.ico","valueType":"string"}
{"kind":"ObjectId","message":"Cast to ObjectId failed for value \"favicon.ico\" (type string) at path \"_id\" for model \"carts\"","name":"CastError","path":"_id","reason":{},"stringValue":"\"favicon.ico\"","value":"favicon.ico","valueType":"string"}
{"kind":"ObjectId","message":"Cast to ObjectId failed for value \"favicon.ico\" (type string) at path \"_id\" for model \"carts\"","name":"CastError","path":"_id","reason":{},"stringValue":"\"favicon.ico\"","value":"favicon.ico","valueType":"string"}
{"kind":"ObjectId","message":"Cast to ObjectId failed for value \"favicon.ico\" (type string) at path \"_id\" for model \"carts\"","name":"CastError","path":"_id","reason":{},"stringValue":"\"favicon.ico\"","value":"favicon.ico","valueType":"string"}
{"kind":"ObjectId","message":"Cast to ObjectId failed for value \"favicon.ico\" (type string) at path \"_id\" for model \"carts\"","name":"CastError","path":"_id","reason":{},"stringValue":"\"favicon.ico\"","value":"favicon.ico","valueType":"string"}
{"kind":"ObjectId","message":"Cast to ObjectId failed for value \"favicon.ico\" (type string) at path \"_id\" for model \"carts\"","name":"CastError","path":"_id","reason":{},"stringValue":"\"favicon.ico\"","value":"favicon.ico","valueType":"string"}
{"kind":"ObjectId","message":"Cast to ObjectId failed for value \"favicon.ico\" (type string) at path \"_id\" for model \"carts\"","name":"CastError","path":"_id","reason":{},"stringValue":"\"favicon.ico\"","value":"favicon.ico","valueType":"string"}
{"kind":"ObjectId","message":"Cast to ObjectId failed for value \"favicon.ico\" (type string) at path \"_id\" for model \"carts\"","name":"CastError","path":"_id","reason":{},"stringValue":"\"favicon.ico\"","value":"favicon.ico","valueType":"string"}
{"kind":"ObjectId","message":"Cast to ObjectId failed for value \"favicon.ico\" (type string) at path \"_id\" for model \"carts\"","name":"CastError","path":"_id","reason":{},"stringValue":"\"favicon.ico\"","value":"favicon.ico","valueType":"string"}
{"kind":"ObjectId","message":"Cast to ObjectId failed for value \"favicon.ico\" (type string) at path \"_id\" for model \"carts\"","name":"CastError","path":"_id","reason":{},"stringValue":"\"favicon.ico\"","value":"favicon.ico","valueType":"string"}
{"kind":"ObjectId","message":"Cast to ObjectId failed for value \"favicon.ico\" (type string) at path \"_id\" for model \"carts\"","name":"CastError","path":"_id","reason":{},"stringValue":"\"favicon.ico\"","value":"favicon.ico","valueType":"string"}
{"kind":"ObjectId","message":"Cast to ObjectId failed for value \"favicon.ico\" (type string) at path \"_id\" for model \"carts\"","name":"CastError","path":"_id","reason":{},"stringValue":"\"favicon.ico\"","value":"favicon.ico","valueType":"string"}
{"kind":"ObjectId","message":"Cast to ObjectId failed for value \"favicon.ico\" (type string) at path \"_id\" for model \"carts\"","name":"CastError","path":"_id","reason":{},"stringValue":"\"favicon.ico\"","value":"favicon.ico","valueType":"string"}
{"kind":"ObjectId","message":"Cast to ObjectId failed for value \"favicon.ico\" (type string) at path \"_id\" for model \"carts\"","name":"CastError","path":"_id","reason":{},"stringValue":"\"favicon.ico\"","value":"favicon.ico","valueType":"string"}
{"kind":"ObjectId","message":"Cast to ObjectId failed for value \"favicon.ico\" (type string) at path \"_id\" for model \"carts\"","name":"CastError","path":"_id","reason":{},"stringValue":"\"favicon.ico\"","value":"favicon.ico","valueType":"string"}
{"kind":"ObjectId","message":"Cast to ObjectId failed for value \"favicon.ico\" (type string) at path \"_id\" for model \"carts\"","name":"CastError","path":"_id","reason":{},"stringValue":"\"favicon.ico\"","value":"favicon.ico","valueType":"string"}
{"kind":"ObjectId","message":"Cast to ObjectId failed for value \"favicon.ico\" (type string) at path \"_id\" for model \"carts\"","name":"CastError","path":"_id","reason":{},"stringValue":"\"favicon.ico\"","value":"favicon.ico","valueType":"string"}
{"kind":"ObjectId","message":"Cast to ObjectId failed for value \"favicon.ico\" (type string) at path \"_id\" for model \"carts\"","name":"CastError","path":"_id","reason":{},"stringValue":"\"favicon.ico\"","value":"favicon.ico","valueType":"string"}
